[00:00:00] [DefaultLogger:ERR] [java.lang.ThreadGroup]: java.net.BindException: Address already in use
[00:00:00] [DefaultLogger:ERR] [java.lang.ThreadGroup]: 	at sun.nio.ch.Net.bind0(Native Method)
[00:00:00] [DefaultLogger:ERR] [java.lang.ThreadGroup]: 	at sun.nio.ch.Net.bind(Net.java:433)
[00:00:00] [DefaultLogger:ERR] [java.lang.ThreadGroup]: 	at sun.nio.ch.Net.bind(Net.java:425)
[00:00:00] [DefaultLogger:ERR] [java.lang.ThreadGroup]: 	at sun.nio.ch.ServerSocketChannelImpl.bind(ServerSocketChannelImpl.java:223)
[00:00:00] [DefaultLogger:ERR] [java.lang.ThreadGroup]: 	at io.netty.channel.socket.nio.NioServerSocketChannel.doBind(NioServerSocketChannel.java:128)
[00:00:00] [DefaultLogger:ERR] [java.lang.ThreadGroup]: 	at io.netty.channel.AbstractChannel$AbstractUnsafe.bind(AbstractChannel.java:554)
[00:00:00] [DefaultLogger:ERR] [java.lang.ThreadGroup]: 	at io.netty.channel.DefaultChannelPipeline$HeadContext.bind(DefaultChannelPipeline.java:1258)
[00:00:00] [DefaultLogger:ERR] [java.lang.ThreadGroup]: 	at io.netty.channel.AbstractChannelHandlerContext.invokeBind(AbstractChannelHandlerContext.java:501)
[00:00:00] [DefaultLogger:ERR] [java.lang.ThreadGroup]: 	at io.netty.channel.AbstractChannelHandlerContext.bind(AbstractChannelHandlerContext.java:486)
[00:00:00] [DefaultLogger:ERR] [java.lang.ThreadGroup]: 	at io.netty.channel.DefaultChannelPipeline.bind(DefaultChannelPipeline.java:980)
[00:00:00] [DefaultLogger:ERR] [java.lang.ThreadGroup]: 	at io.netty.channel.AbstractChannel.bind(AbstractChannel.java:250)
[00:00:00] [DefaultLogger:ERR] [java.lang.ThreadGroup]: 	at io.netty.bootstrap.AbstractBootstrap$2.run(AbstractBootstrap.java:365)
[00:00:00] [DefaultLogger:ERR] [java.lang.ThreadGroup]: 	at io.netty.util.concurrent.AbstractEventExecutor.safeExecute(AbstractEventExecutor.java:163)
[00:00:00] [DefaultLogger:ERR] [java.lang.ThreadGroup]: 	at io.netty.util.concurrent.SingleThreadEventExecutor.runAllTasks(SingleThreadEventExecutor.java:403)
[00:00:00] [DefaultLogger:ERR] [java.lang.ThreadGroup]: 	at io.netty.channel.nio.NioEventLoop.run(NioEventLoop.java:462)
[00:00:00] [DefaultLogger:ERR] [java.lang.ThreadGroup]: 	at io.netty.util.concurrent.SingleThreadEventExecutor$5.run(SingleThreadEventExecutor.java:858)
[00:00:00] [DefaultLogger:ERR] [java.lang.ThreadGroup]: 	at io.netty.util.concurrent.DefaultThreadFactory$DefaultRunnableDecorator.run(DefaultThreadFactory.java:138)
[00:00:00] [DefaultLogger:ERR] [java.lang.ThreadGroup]: 	at java.lang.Thread.run(Thread.java:745)
[00:00:01] [DefaultLogger:ERR] [java.lang.ThreadGroup]: java.lang.IllegalMonitorStateException
[00:00:01] [DefaultLogger:ERR] [java.lang.ThreadGroup]: 	at java.lang.Object.wait(Native Method)
[00:00:01] [DefaultLogger:ERR] [java.lang.ThreadGroup]: 	at java.lang.Object.wait(Object.java:502)
[00:00:01] [DefaultLogger:ERR] [java.lang.ThreadGroup]: 	at com.github.hyfloac.jglengine.renderer.Renderer$ViewCacher.getChange(Renderer.java:179)
[00:00:01] [DefaultLogger:ERR] [java.lang.ThreadGroup]: 	at com.github.hyfloac.jglengine.renderer.Renderer$ViewCacher.run(Renderer.java:198)
[00:00:01] [DefaultLogger:ERR] [java.lang.ThreadGroup]: 	at java.lang.Thread.run(Thread.java:745)
[00:00:01] [DefaultLogger:ERR] [java.lang.ThreadGroup]: java.lang.IllegalMonitorStateException
[00:00:01] [DefaultLogger:ERR] [java.lang.ThreadGroup]: 	at java.lang.Object.wait(Native Method)
[00:00:01] [DefaultLogger:ERR] [java.lang.ThreadGroup]: 	at java.lang.Object.wait(Object.java:502)
[00:00:01] [DefaultLogger:ERR] [java.lang.ThreadGroup]: 	at com.github.hyfloac.jglengine.renderer.Renderer$ViewCacher.getChange(Renderer.java:179)
[00:00:01] [DefaultLogger:ERR] [java.lang.ThreadGroup]: 	at com.github.hyfloac.jglengine.renderer.Renderer$ViewCacher.run(Renderer.java:198)
[00:00:01] [DefaultLogger:ERR] [java.lang.ThreadGroup]: 	at java.lang.Thread.run(Thread.java:745)
[00:00:01] [DefaultLogger:ERR] [java.lang.ThreadGroup]: java.lang.IllegalMonitorStateException
[00:00:01] [DefaultLogger:ERR] [java.lang.ThreadGroup]: 	at java.lang.Object.wait(Native Method)
[00:00:01] [DefaultLogger:ERR] [java.lang.ThreadGroup]: 	at java.lang.Object.wait(Object.java:502)
[00:00:01] [DefaultLogger:ERR] [java.lang.ThreadGroup]: 	at com.github.hyfloac.jglengine.renderer.Renderer$ViewCacher.getChange(Renderer.java:179)
[00:00:01] [DefaultLogger:ERR] [java.lang.ThreadGroup]: 	at com.github.hyfloac.jglengine.renderer.Renderer$ViewCacher.run(Renderer.java:198)
[00:00:01] [DefaultLogger:ERR] [java.lang.ThreadGroup]: 	at java.lang.Thread.run(Thread.java:745)
[00:00:01] [DefaultLogger:ERR] [java.lang.ThreadGroup]: java.lang.IllegalMonitorStateException
[00:00:01] [DefaultLogger:ERR] [java.lang.ThreadGroup]: 	at java.lang.Object.wait(Native Method)
[00:00:01] [DefaultLogger:ERR] [java.lang.ThreadGroup]: 	at java.lang.Object.wait(Object.java:502)
[00:00:01] [DefaultLogger:ERR] [java.lang.ThreadGroup]: 	at com.github.hyfloac.jglengine.renderer.Renderer$ViewCacher.getChange(Renderer.java:179)
[00:00:01] [DefaultLogger:ERR] [java.lang.ThreadGroup]: 	at com.github.hyfloac.jglengine.renderer.Renderer$ViewCacher.run(Renderer.java:198)
[00:00:01] [DefaultLogger:ERR] [java.lang.ThreadGroup]: 	at java.lang.Thread.run(Thread.java:745)
[00:00:01] [DefaultLogger:ERR] [java.lang.ThreadGroup]: java.lang.ExceptionInInitializerError
[00:00:01] [DefaultLogger:ERR] [java.lang.ThreadGroup]: 	at com.github.hyfloac.jglengine.util.Debug.addDebugObjects(Debug.java:45)
[00:00:01] [DefaultLogger:ERR] [java.lang.ThreadGroup]: 	at com.github.hyfloac.jglengine.Main.init(Main.java:84)
[00:00:01] [DefaultLogger:ERR] [java.lang.ThreadGroup]: 	at com.github.hyfloac.jglengine.Game.init0(Game.java:62)
[00:00:01] [DefaultLogger:ERR] [java.lang.ThreadGroup]: 	at com.github.hyfloac.jglengine.Game.main(Game.java:156)
[00:00:01] [DefaultLogger:ERR] [java.lang.ThreadGroup]: 	at com.github.hyfloac.jglengine.Main.main(Main.java:102)
[00:00:01] [DefaultLogger:ERR] [java.lang.ThreadGroup]: Caused by: java.lang.ArrayIndexOutOfBoundsException: 4
[00:00:01] [DefaultLogger:ERR] [java.lang.ThreadGroup]: 	at com.github.hyfloac.jglengine.model.Model.<init>(Model.java:73)
[00:00:01] [DefaultLogger:ERR] [java.lang.ThreadGroup]: 	at com.github.hyfloac.jglengine.model.Model.<init>(Model.java:85)
[00:00:01] [DefaultLogger:ERR] [java.lang.ThreadGroup]: 	at com.github.hyfloac.jglengine.model.OBJParser.loadOBJ(OBJParser.java:120)
[00:00:01] [DefaultLogger:ERR] [java.lang.ThreadGroup]: 	at com.github.hyfloac.jglengine.reference.Models.<clinit>(Models.java:11)
[00:00:01] [DefaultLogger:ERR] [java.lang.ThreadGroup]: 	... 5 more
