[00:00:15] [DefaultLogger:OUT] [com.github.hyfloac.jglengine.command.CLI]: [glPolygonMode]
[00:00:15] [DefaultLogger:ERR] [com.github.hyfloac.jglengine.command.ChannelHandler]: java.lang.IllegalStateException: No GLCapabilities instance set for the current thread. Possible solutions:
	a) Call GL.createCapabilities() after making a context current in the current thread.
	b) Call GL.setCapabilities() if a GLCapabilities instance already exists for the current context.
[00:00:15] [DefaultLogger:ERR] [com.github.hyfloac.jglengine.command.ChannelHandler]: 	at org.lwjgl.opengl.GL.getCapabilities(GL.java:241)
[00:00:15] [DefaultLogger:ERR] [com.github.hyfloac.jglengine.command.ChannelHandler]: 	at org.lwjgl.opengl.GL11.glPolygonMode(GL11.java:5813)
[00:00:15] [DefaultLogger:ERR] [com.github.hyfloac.jglengine.command.ChannelHandler]: 	at com.github.hyfloac.jglengine.window.GLUtil.debugPolygons(GLUtil.java:38)
[00:00:15] [DefaultLogger:ERR] [com.github.hyfloac.jglengine.command.ChannelHandler]: 	at com.github.hyfloac.jglengine.window.GLUtil.debugPolygons(GLUtil.java:42)
[00:00:15] [DefaultLogger:ERR] [com.github.hyfloac.jglengine.command.ChannelHandler]: 	at com.github.hyfloac.jglengine.command.commands.GLCommand.execute(GLCommand.java:40)
[00:00:15] [DefaultLogger:ERR] [com.github.hyfloac.jglengine.command.ChannelHandler]: 	at com.github.hyfloac.jglengine.command.CLI.parse(CLI.java:101)
[00:00:15] [DefaultLogger:ERR] [com.github.hyfloac.jglengine.command.ChannelHandler]: 	at com.github.hyfloac.jglengine.command.ChannelHandler.channelRead(ChannelHandler.java:395)
[00:00:15] [DefaultLogger:ERR] [com.github.hyfloac.jglengine.command.ChannelHandler]: 	at io.netty.channel.AbstractChannelHandlerContext.invokeChannelRead(AbstractChannelHandlerContext.java:362)
[00:00:15] [DefaultLogger:ERR] [com.github.hyfloac.jglengine.command.ChannelHandler]: 	at io.netty.channel.AbstractChannelHandlerContext.invokeChannelRead(AbstractChannelHandlerContext.java:348)
[00:00:15] [DefaultLogger:ERR] [com.github.hyfloac.jglengine.command.ChannelHandler]: 	at io.netty.channel.AbstractChannelHandlerContext.fireChannelRead(AbstractChannelHandlerContext.java:340)
[00:00:15] [DefaultLogger:ERR] [com.github.hyfloac.jglengine.command.ChannelHandler]: 	at io.netty.channel.DefaultChannelPipeline$HeadContext.channelRead(DefaultChannelPipeline.java:1334)
[00:00:15] [DefaultLogger:ERR] [com.github.hyfloac.jglengine.command.ChannelHandler]: 	at io.netty.channel.AbstractChannelHandlerContext.invokeChannelRead(AbstractChannelHandlerContext.java:362)
[00:00:15] [DefaultLogger:ERR] [com.github.hyfloac.jglengine.command.ChannelHandler]: 	at io.netty.channel.AbstractChannelHandlerContext.invokeChannelRead(AbstractChannelHandlerContext.java:348)
[00:00:15] [DefaultLogger:ERR] [com.github.hyfloac.jglengine.command.ChannelHandler]: 	at io.netty.channel.DefaultChannelPipeline.fireChannelRead(DefaultChannelPipeline.java:926)
[00:00:15] [DefaultLogger:ERR] [com.github.hyfloac.jglengine.command.ChannelHandler]: 	at io.netty.channel.nio.AbstractNioByteChannel$NioByteUnsafe.read(AbstractNioByteChannel.java:134)
[00:00:15] [DefaultLogger:ERR] [com.github.hyfloac.jglengine.command.ChannelHandler]: 	at io.netty.channel.nio.NioEventLoop.processSelectedKey(NioEventLoop.java:644)
[00:00:15] [DefaultLogger:ERR] [com.github.hyfloac.jglengine.command.ChannelHandler]: 	at io.netty.channel.nio.NioEventLoop.processSelectedKeysOptimized(NioEventLoop.java:579)
[00:00:15] [DefaultLogger:ERR] [com.github.hyfloac.jglengine.command.ChannelHandler]: 	at io.netty.channel.nio.NioEventLoop.processSelectedKeys(NioEventLoop.java:496)
[00:00:15] [DefaultLogger:ERR] [com.github.hyfloac.jglengine.command.ChannelHandler]: 	at io.netty.channel.nio.NioEventLoop.run(NioEventLoop.java:458)
[00:00:15] [DefaultLogger:ERR] [com.github.hyfloac.jglengine.command.ChannelHandler]: 	at io.netty.util.concurrent.SingleThreadEventExecutor$5.run(SingleThreadEventExecutor.java:858)
[00:00:15] [DefaultLogger:ERR] [com.github.hyfloac.jglengine.command.ChannelHandler]: 	at io.netty.util.concurrent.DefaultThreadFactory$DefaultRunnableDecorator.run(DefaultThreadFactory.java:138)
[00:00:15] [DefaultLogger:ERR] [com.github.hyfloac.jglengine.command.ChannelHandler]: 	at java.lang.Thread.run(Thread.java:745)
