[00:00:29] [DefaultLogger:OUT] [com.github.hyfloac.jglengine.command.CLI]: [glClearColor, 1.0F, 0.0F, 0.0F]
[00:01:00] [DefaultLogger:OUT] [com.github.hyfloac.jglengine.command.CLI]: [glclearcolor, .34, .36, .4., .1]
[00:01:00] [DefaultLogger:ERR] [com.github.hyfloac.jglengine.command.ChannelHandler]: java.lang.NumberFormatException: multiple points
[00:01:00] [DefaultLogger:ERR] [com.github.hyfloac.jglengine.command.ChannelHandler]: 	at sun.misc.FloatingDecimal.readJavaFormatString(FloatingDecimal.java:1914)
[00:01:00] [DefaultLogger:ERR] [com.github.hyfloac.jglengine.command.ChannelHandler]: 	at sun.misc.FloatingDecimal.parseFloat(FloatingDecimal.java:122)
[00:01:00] [DefaultLogger:ERR] [com.github.hyfloac.jglengine.command.ChannelHandler]: 	at java.lang.Float.parseFloat(Float.java:451)
[00:01:00] [DefaultLogger:ERR] [com.github.hyfloac.jglengine.command.ChannelHandler]: 	at com.github.hyfloac.jglengine.command.commands.GLCommand.execute(GLCommand.java:52)
[00:01:00] [DefaultLogger:ERR] [com.github.hyfloac.jglengine.command.ChannelHandler]: 	at com.github.hyfloac.jglengine.command.CLI.parse(CLI.java:101)
[00:01:00] [DefaultLogger:ERR] [com.github.hyfloac.jglengine.command.ChannelHandler]: 	at com.github.hyfloac.jglengine.command.ChannelHandler.channelRead(ChannelHandler.java:395)
[00:01:00] [DefaultLogger:ERR] [com.github.hyfloac.jglengine.command.ChannelHandler]: 	at io.netty.channel.AbstractChannelHandlerContext.invokeChannelRead(AbstractChannelHandlerContext.java:362)
[00:01:00] [DefaultLogger:ERR] [com.github.hyfloac.jglengine.command.ChannelHandler]: 	at io.netty.channel.AbstractChannelHandlerContext.invokeChannelRead(AbstractChannelHandlerContext.java:348)
[00:01:00] [DefaultLogger:ERR] [com.github.hyfloac.jglengine.command.ChannelHandler]: 	at io.netty.channel.AbstractChannelHandlerContext.fireChannelRead(AbstractChannelHandlerContext.java:340)
[00:01:00] [DefaultLogger:ERR] [com.github.hyfloac.jglengine.command.ChannelHandler]: 	at io.netty.channel.DefaultChannelPipeline$HeadContext.channelRead(DefaultChannelPipeline.java:1334)
[00:01:00] [DefaultLogger:ERR] [com.github.hyfloac.jglengine.command.ChannelHandler]: 	at io.netty.channel.AbstractChannelHandlerContext.invokeChannelRead(AbstractChannelHandlerContext.java:362)
[00:01:00] [DefaultLogger:ERR] [com.github.hyfloac.jglengine.command.ChannelHandler]: 	at io.netty.channel.AbstractChannelHandlerContext.invokeChannelRead(AbstractChannelHandlerContext.java:348)
[00:01:00] [DefaultLogger:ERR] [com.github.hyfloac.jglengine.command.ChannelHandler]: 	at io.netty.channel.DefaultChannelPipeline.fireChannelRead(DefaultChannelPipeline.java:926)
[00:01:00] [DefaultLogger:ERR] [com.github.hyfloac.jglengine.command.ChannelHandler]: 	at io.netty.channel.nio.AbstractNioByteChannel$NioByteUnsafe.read(AbstractNioByteChannel.java:134)
[00:01:00] [DefaultLogger:ERR] [com.github.hyfloac.jglengine.command.ChannelHandler]: 	at io.netty.channel.nio.NioEventLoop.processSelectedKey(NioEventLoop.java:644)
[00:01:00] [DefaultLogger:ERR] [com.github.hyfloac.jglengine.command.ChannelHandler]: 	at io.netty.channel.nio.NioEventLoop.processSelectedKeysOptimized(NioEventLoop.java:579)
[00:01:00] [DefaultLogger:ERR] [com.github.hyfloac.jglengine.command.ChannelHandler]: 	at io.netty.channel.nio.NioEventLoop.processSelectedKeys(NioEventLoop.java:496)
[00:01:00] [DefaultLogger:ERR] [com.github.hyfloac.jglengine.command.ChannelHandler]: 	at io.netty.channel.nio.NioEventLoop.run(NioEventLoop.java:458)
[00:01:00] [DefaultLogger:ERR] [com.github.hyfloac.jglengine.command.ChannelHandler]: 	at io.netty.util.concurrent.SingleThreadEventExecutor$5.run(SingleThreadEventExecutor.java:858)
[00:01:00] [DefaultLogger:ERR] [com.github.hyfloac.jglengine.command.ChannelHandler]: 	at io.netty.util.concurrent.DefaultThreadFactory$DefaultRunnableDecorator.run(DefaultThreadFactory.java:138)
[00:01:00] [DefaultLogger:ERR] [com.github.hyfloac.jglengine.command.ChannelHandler]: 	at java.lang.Thread.run(Thread.java:745)
[00:01:38] [DefaultLogger:OUT] [com.github.hyfloac.jglengine.command.CLI]: [glclearcolor, 0.2F, .1, .6, .3]
[00:03:31] [DefaultLogger:OUT] [com.github.hyfloac.jglengine.command.CLI]: [glclearcolor, .7, 1, .3]
[00:03:47] [DefaultLogger:OUT] [com.github.hyfloac.jglengine.command.CLI]: [glclearcolor, ..]
[00:03:47] [DefaultLogger:OUT] [com.github.hyfloac.jglengine.command.CLI]: /GL <GL_PARAM> <VALUE>
[00:03:58] [DefaultLogger:OUT] [com.github.hyfloac.jglengine.command.CLI]: [glclearcolro, .., .., ..]
[00:03:58] [DefaultLogger:OUT] [com.github.hyfloac.jglengine.command.CLI]: /GL <GL_PARAM> <VALUE>
[00:04:17] [DefaultLogger:OUT] [com.github.hyfloac.jglengine.command.CLI]: [glclearcolor, .4., .4., .4]
[00:04:17] [DefaultLogger:ERR] [com.github.hyfloac.jglengine.command.ChannelHandler]: java.lang.NumberFormatException: multiple points
[00:04:17] [DefaultLogger:ERR] [com.github.hyfloac.jglengine.command.ChannelHandler]: 	at sun.misc.FloatingDecimal.readJavaFormatString(FloatingDecimal.java:1914)
[00:04:17] [DefaultLogger:ERR] [com.github.hyfloac.jglengine.command.ChannelHandler]: 	at sun.misc.FloatingDecimal.parseFloat(FloatingDecimal.java:122)
[00:04:17] [DefaultLogger:ERR] [com.github.hyfloac.jglengine.command.ChannelHandler]: 	at java.lang.Float.parseFloat(Float.java:451)
[00:04:17] [DefaultLogger:ERR] [com.github.hyfloac.jglengine.command.ChannelHandler]: 	at com.github.hyfloac.jglengine.command.commands.GLCommand.execute(GLCommand.java:53)
[00:04:17] [DefaultLogger:ERR] [com.github.hyfloac.jglengine.command.ChannelHandler]: 	at com.github.hyfloac.jglengine.command.CLI.parse(CLI.java:101)
[00:04:17] [DefaultLogger:ERR] [com.github.hyfloac.jglengine.command.ChannelHandler]: 	at com.github.hyfloac.jglengine.command.ChannelHandler.channelRead(ChannelHandler.java:395)
[00:04:17] [DefaultLogger:ERR] [com.github.hyfloac.jglengine.command.ChannelHandler]: 	at io.netty.channel.AbstractChannelHandlerContext.invokeChannelRead(AbstractChannelHandlerContext.java:362)
[00:04:17] [DefaultLogger:ERR] [com.github.hyfloac.jglengine.command.ChannelHandler]: 	at io.netty.channel.AbstractChannelHandlerContext.invokeChannelRead(AbstractChannelHandlerContext.java:348)
[00:04:17] [DefaultLogger:ERR] [com.github.hyfloac.jglengine.command.ChannelHandler]: 	at io.netty.channel.AbstractChannelHandlerContext.fireChannelRead(AbstractChannelHandlerContext.java:340)
[00:04:17] [DefaultLogger:ERR] [com.github.hyfloac.jglengine.command.ChannelHandler]: 	at io.netty.channel.DefaultChannelPipeline$HeadContext.channelRead(DefaultChannelPipeline.java:1334)
[00:04:17] [DefaultLogger:ERR] [com.github.hyfloac.jglengine.command.ChannelHandler]: 	at io.netty.channel.AbstractChannelHandlerContext.invokeChannelRead(AbstractChannelHandlerContext.java:362)
[00:04:17] [DefaultLogger:ERR] [com.github.hyfloac.jglengine.command.ChannelHandler]: 	at io.netty.channel.AbstractChannelHandlerContext.invokeChannelRead(AbstractChannelHandlerContext.java:348)
[00:04:17] [DefaultLogger:ERR] [com.github.hyfloac.jglengine.command.ChannelHandler]: 	at io.netty.channel.DefaultChannelPipeline.fireChannelRead(DefaultChannelPipeline.java:926)
[00:04:17] [DefaultLogger:ERR] [com.github.hyfloac.jglengine.command.ChannelHandler]: 	at io.netty.channel.nio.AbstractNioByteChannel$NioByteUnsafe.read(AbstractNioByteChannel.java:134)
[00:04:17] [DefaultLogger:ERR] [com.github.hyfloac.jglengine.command.ChannelHandler]: 	at io.netty.channel.nio.NioEventLoop.processSelectedKey(NioEventLoop.java:644)
[00:04:17] [DefaultLogger:ERR] [com.github.hyfloac.jglengine.command.ChannelHandler]: 	at io.netty.channel.nio.NioEventLoop.processSelectedKeysOptimized(NioEventLoop.java:579)
[00:04:17] [DefaultLogger:ERR] [com.github.hyfloac.jglengine.command.ChannelHandler]: 	at io.netty.channel.nio.NioEventLoop.processSelectedKeys(NioEventLoop.java:496)
[00:04:17] [DefaultLogger:ERR] [com.github.hyfloac.jglengine.command.ChannelHandler]: 	at io.netty.channel.nio.NioEventLoop.run(NioEventLoop.java:458)
[00:04:17] [DefaultLogger:ERR] [com.github.hyfloac.jglengine.command.ChannelHandler]: 	at io.netty.util.concurrent.SingleThreadEventExecutor$5.run(SingleThreadEventExecutor.java:858)
[00:04:17] [DefaultLogger:ERR] [com.github.hyfloac.jglengine.command.ChannelHandler]: 	at io.netty.util.concurrent.DefaultThreadFactory$DefaultRunnableDecorator.run(DefaultThreadFactory.java:138)
[00:04:17] [DefaultLogger:ERR] [com.github.hyfloac.jglengine.command.ChannelHandler]: 	at java.lang.Thread.run(Thread.java:745)
